# JRE version: OpenJDK Runtime Environment (8.0_242-b08) (build 1.8.0_242-b08)
# Java VM: OpenJDK 64-Bit Server VM (25.242-b08 mixed mode bsd-amd64 compressed oops)
Heap:
 PSYoungGen      total 313856K, used 22189K [0x000000076ab00000, 0x0000000785e80000, 0x00000007c0000000)
  eden space 297984K, 7% used [0x000000076ab00000,0x000000076c0ab770,0x000000077ce00000)
  from space 15872K, 0% used [0x000000077e180000,0x000000077e180000,0x000000077f100000)
  to   space 19968K, 0% used [0x000000077ce00000,0x000000077ce00000,0x000000077e180000)
 ParOldGen       total 175616K, used 27788K [0x00000006c0000000, 0x00000006cab80000, 0x000000076ab00000)
  object space 175616K, 15% used [0x00000006c0000000,0x00000006c1b23060,0x00000006cab80000)
 Metaspace       used 34099K, capacity 37484K, committed 37888K, reserved 1079296K
  class space    used 6069K, capacity 7363K, committed 7424K, reserved 1048576K
GC Heap History (10 events):
Event: 3.053 GC heap before
{Heap before GC invocations=4 (full 1):
 PSYoungGen      total 141824K, used 7537K [0x000000076ab00000, 0x000000077c000000, 0x00000007c0000000)
  eden space 131072K, 0% used [0x000000076ab00000,0x000000076ab00000,0x0000000772b00000)
  from space 10752K, 70% used [0x0000000772b00000,0x000000077325c500,0x0000000773580000)
  to   space 10752K, 0% used [0x000000077b580000,0x000000077b580000,0x000000077c000000)
 ParOldGen       total 175104K, used 48K [0x00000006c0000000, 0x00000006cab00000, 0x000000076ab00000)
  object space 175104K, 0% used [0x00000006c0000000,0x00000006c000c000,0x00000006cab00000)
 Metaspace       used 19930K, capacity 21286K, committed 21296K, reserved 1067008K
  class space    used 3696K, capacity 4216K, committed 4224K, reserved 1048576K
Event: 3.094 GC heap after
Heap after GC invocations=4 (full 1):
 PSYoungGen      total 141824K, used 0K [0x000000076ab00000, 0x000000077c000000, 0x00000007c0000000)
  eden space 131072K, 0% used [0x000000076ab00000,0x000000076ab00000,0x0000000772b00000)
  from space 10752K, 0% used [0x0000000772b00000,0x0000000772b00000,0x0000000773580000)
  to   space 10752K, 0% used [0x000000077b580000,0x000000077b580000,0x000000077c000000)
 ParOldGen       total 109568K, used 7186K [0x00000006c0000000, 0x00000006c6b00000, 0x000000076ab00000)
  object space 109568K, 6% used [0x00000006c0000000,0x00000006c0704b98,0x00000006c6b00000)
 Metaspace       used 19930K, capacity 21286K, committed 21296K, reserved 1067008K
  class space    used 3696K, capacity 4216K, committed 4224K, reserved 1048576K
}
Event: 4.004 GC heap before
{Heap before GC invocations=5 (full 1):
 PSYoungGen      total 141824K, used 131072K [0x000000076ab00000, 0x000000077c000000, 0x00000007c0000000)
  eden space 131072K, 100% used [0x000000076ab00000,0x0000000772b00000,0x0000000772b00000)
  from space 10752K, 0% used [0x0000000772b00000,0x0000000772b00000,0x0000000773580000)
  to   space 10752K, 0% used [0x000000077b580000,0x000000077b580000,0x000000077c000000)
 ParOldGen       total 109568K, used 7186K [0x00000006c0000000, 0x00000006c6b00000, 0x000000076ab00000)
  object space 109568K, 6% used [0x00000006c0000000,0x00000006c0704b98,0x00000006c6b00000)
 Metaspace       used 22908K, capacity 25938K, committed 26240K, reserved 1069056K
  class space    used 4688K, capacity 5911K, committed 6016K, reserved 1048576K
Event: 4.007 GC heap after
Heap after GC invocations=5 (full 1):
 PSYoungGen      total 186880K, used 2884K [0x000000076ab00000, 0x000000077b880000, 0x00000007c0000000)
  eden space 183808K, 0% used [0x000000076ab00000,0x000000076ab00000,0x0000000775e80000)
  from space 3072K, 93% used [0x000000077b580000,0x000000077b851160,0x000000077b880000)
  to   space 10752K, 0% used [0x000000077a380000,0x000000077a380000,0x000000077ae00000)
 ParOldGen       total 109568K, used 7194K [0x00000006c0000000, 0x00000006c6b00000, 0x000000076ab00000)
  object space 109568K, 6% used [0x00000006c0000000,0x00000006c0706b98,0x00000006c6b00000)
 Metaspace       used 22908K, capacity 25938K, committed 26240K, reserved 1069056K
  class space    used 4688K, capacity 5911K, committed 6016K, reserved 1048576K
}
Event: 4.558 GC heap before
{Heap before GC invocations=6 (full 1):
 PSYoungGen      total 186880K, used 186692K [0x000000076ab00000, 0x000000077b880000, 0x00000007c0000000)
  eden space 183808K, 100% used [0x000000076ab00000,0x0000000775e80000,0x0000000775e80000)
  from space 3072K, 93% used [0x000000077b580000,0x000000077b851160,0x000000077b880000)
  to   space 10752K, 0% used [0x000000077a380000,0x000000077a380000,0x000000077ae00000)
 ParOldGen       total 109568K, used 7194K [0x00000006c0000000, 0x00000006c6b00000, 0x000000076ab00000)
  object space 109568K, 6% used [0x00000006c0000000,0x00000006c0706b98,0x00000006c6b00000)
 Metaspace       used 25476K, capacity 28820K, committed 28928K, reserved 1071104K
  class space    used 5305K, capacity 6581K, committed 6656K, reserved 1048576K
Event: 4.599 GC heap after
Heap after GC invocations=6 (full 1):
 PSYoungGen      total 265216K, used 10722K [0x000000076ab00000, 0x000000077f100000, 0x00000007c0000000)
  eden space 254464K, 0% used [0x000000076ab00000,0x000000076ab00000,0x000000077a380000)
  from space 10752K, 99% used [0x000000077a380000,0x000000077adf8b50,0x000000077ae00000)
  to   space 15872K, 0% used [0x000000077e180000,0x000000077e180000,0x000000077f100000)
 ParOldGen       total 109568K, used 13187K [0x00000006c0000000, 0x00000006c6b00000, 0x000000076ab00000)
  object space 109568K, 12% used [0x00000006c0000000,0x00000006c0ce0c60,0x00000006c6b00000)
 Metaspace       used 25476K, capacity 28820K, committed 28928K, reserved 1071104K
  class space    used 5305K, capacity 6581K, committed 6656K, reserved 1048576K
}
Event: 9.245 GC heap before
{Heap before GC invocations=7 (full 1):
 PSYoungGen      total 265216K, used 156822K [0x000000076ab00000, 0x000000077f100000, 0x00000007c0000000)
  eden space 254464K, 57% used [0x000000076ab00000,0x00000007739acf90,0x000000077a380000)
  from space 10752K, 99% used [0x000000077a380000,0x000000077adf8b50,0x000000077ae00000)
  to   space 15872K, 0% used [0x000000077e180000,0x000000077e180000,0x000000077f100000)
 ParOldGen       total 109568K, used 13187K [0x00000006c0000000, 0x00000006c6b00000, 0x000000076ab00000)
  object space 109568K, 12% used [0x00000006c0000000,0x00000006c0ce0c60,0x00000006c6b00000)
 Metaspace       used 31833K, capacity 35233K, committed 35456K, reserved 1077248K
  class space    used 5863K, capacity 7170K, committed 7296K, reserved 1048576K
Event: 9.276 GC heap after
Heap after GC invocations=7 (full 1):
 PSYoungGen      total 313856K, used 15854K [0x000000076ab00000, 0x0000000785e80000, 0x00000007c0000000)
  eden space 297984K, 0% used [0x000000076ab00000,0x000000076ab00000,0x000000077ce00000)
  from space 15872K, 99% used [0x000000077e180000,0x000000077f0fb9b0,0x000000077f100000)
  to   space 19968K, 0% used [0x000000077ce00000,0x000000077ce00000,0x000000077e180000)
 ParOldGen       total 109568K, used 14982K [0x00000006c0000000, 0x00000006c6b00000, 0x000000076ab00000)
  object space 109568K, 13% used [0x00000006c0000000,0x00000006c0ea19c8,0x00000006c6b00000)
 Metaspace       used 31833K, capacity 35233K, committed 35456K, reserved 1077248K
  class space    used 5863K, capacity 7170K, committed 7296K, reserved 1048576K
}
Event: 9.276 GC heap before
{Heap before GC invocations=8 (full 2):
 PSYoungGen      total 313856K, used 15854K [0x000000076ab00000, 0x0000000785e80000, 0x00000007c0000000)
  eden space 297984K, 0% used [0x000000076ab00000,0x000000076ab00000,0x000000077ce00000)
  from space 15872K, 99% used [0x000000077e180000,0x000000077f0fb9b0,0x000000077f100000)
  to   space 19968K, 0% used [0x000000077ce00000,0x000000077ce00000,0x000000077e180000)
 ParOldGen       total 109568K, used 14982K [0x00000006c0000000, 0x00000006c6b00000, 0x000000076ab00000)
  object space 109568K, 13% used [0x00000006c0000000,0x00000006c0ea19c8,0x00000006c6b00000)
 Metaspace       used 31833K, capacity 35233K, committed 35456K, reserved 1077248K
  class space    used 5863K, capacity 7170K, committed 7296K, reserved 1048576K
Event: 9.360 GC heap after
Heap after GC invocations=8 (full 2):
 PSYoungGen      total 313856K, used 0K [0x000000076ab00000, 0x0000000785e80000, 0x00000007c0000000)
  eden space 297984K, 0% used [0x000000076ab00000,0x000000076ab00000,0x000000077ce00000)
  from space 15872K, 0% used [0x000000077e180000,0x000000077e180000,0x000000077f100000)
  to   space 19968K, 0% used [0x000000077ce00000,0x000000077ce00000,0x000000077e180000)
 ParOldGen       total 175616K, used 27788K [0x00000006c0000000, 0x00000006cab80000, 0x000000076ab00000)
  object space 175616K, 15% used [0x00000006c0000000,0x00000006c1b23060,0x00000006cab80000)
 Metaspace       used 31833K, capacity 35233K, committed 35456K, reserved 1077248K
  class space    used 5863K, capacity 7170K, committed 7296K, reserved 1048576K
}

